#
# There is insufficient memory for the Java Runtime Environment to continue.
# Native memory allocation (malloc) failed to allocate 32744 bytes for ChunkPool::allocate
# Possible reasons:
#   The system is out of physical RAM or swap space
#   The process is running with CompressedOops enabled, and the Java Heap may be blocking the growth of the native heap
# Possible solutions:
#   Reduce memory load on the system
#   Increase physical memory or swap space
#   Check if swap backing store is full
#   Decrease Java heap size (-Xmx/-Xms)
#   Decrease number of Java threads
#   Decrease Java thread stack sizes (-Xss)
#   Set larger code cache with -XX:ReservedCodeCacheSize=
#   JVM is running with Unscaled Compressed Oops mode in which the Java heap is
#     placed in the first 4GB address space. The Java Heap base address is the
#     maximum limit for the native heap growth. Please use -XX:HeapBaseMinAddress
#     to set the Java Heap base and to place the Java Heap above 4GB virtual address.
# This output file may be truncated or incomplete.
#
#  Out of Memory Error (./src/hotspot/share/memory/arena.cpp:81), pid=6528, tid=4156
#
# JRE version: OpenJDK Runtime Environment Temurin-11.0.18+10 (11.0.18+10) (build 11.0.18+10)
# Java VM: OpenJDK 64-Bit Server VM Temurin-11.0.18+10 (11.0.18+10, mixed mode, tiered, compressed oops, g1 gc, windows-amd64)
# No core dump will be written. Minidumps are not enabled by default on client versions of Windows
#

---------------  S U M M A R Y ------------

Command Line: -Xmx64m -Xms64m -Dorg.gradle.appname=gradlew org.gradle.wrapper.GradleWrapperMain test

Host: AMD A6-7400K Radeon R5, 6 Compute Cores 2C+4G  , 2 cores, 3G,  Windows 10 , 64 bit Build 14393 (10.0.14393.5786)
Time: Sun Aug  6 15:26:06 2023 Беларусь (зима) elapsed time: 0.774197 seconds (0d 0h 0m 0s)

---------------  T H R E A D  ---------------

Current thread (0x000001901aa86800):  JavaThread "C1 CompilerThread0" daemon [_thread_in_native, id=4156, stack(0x0000003b94300000,0x0000003b94400000)]


Current CompileTask:
C1:    774  389       3       java.util.regex.Pattern::escape (1323 bytes)

Stack: [0x0000003b94300000,0x0000003b94400000]
Native frames: (J=compiled Java code, j=interpreted, Vv=VM code, C=native code)
V  [jvm.dll+0x64f2aa]
V  [jvm.dll+0x7e2769]
V  [jvm.dll+0x7e3e69]
V  [jvm.dll+0x7e4553]
V  [jvm.dll+0x26af95]
V  [jvm.dll+0xc1c7f]
V  [jvm.dll+0xc1fcc]
V  [jvm.dll+0x17eed9]
V  [jvm.dll+0x17fdb2]
V  [jvm.dll+0x17fe70]
V  [jvm.dll+0x1825dd]
V  [jvm.dll+0x1844d1]
V  [jvm.dll+0x13bf05]
V  [jvm.dll+0x13b7af]
V  [jvm.dll+0x13b9e4]
V  [jvm.dll+0x13ad32]
V  [jvm.dll+0x13cbcc]
V  [jvm.dll+0x231f69]
V  [jvm.dll+0x2300bf]
V  [jvm.dll+0x7a3af0]
V  [jvm.dll+0x79c904]
V  [jvm.dll+0x64e065]
C  [ucrtbase.dll+0x1fb80]
C  [KERNEL32.DLL+0x84d4]
C  [ntdll.dll+0x51791]


---------------  P R O C E S S  ---------------

Threads class SMR info:
_java_thread_list=0x000001901ab75e60, length=10, elements={
0x000001907fd06000, 0x000001901a8c1000, 0x000001901a8c2800, 0x000001901a90f000,
0x000001901a911000, 0x000001901a912000, 0x000001901a915800, 0x000001901aa86800,
0x000001901aa89000, 0x000001901ab92800
}

Java Threads: ( => current thread )
  0x000001907fd06000 JavaThread "main" [_thread_blocked, id=476, stack(0x0000003b93500000,0x0000003b93600000)]
  0x000001901a8c1000 JavaThread "Reference Handler" daemon [_thread_blocked, id=7076, stack(0x0000003b93d00000,0x0000003b93e00000)]
  0x000001901a8c2800 JavaThread "Finalizer" daemon [_thread_blocked, id=6832, stack(0x0000003b93e00000,0x0000003b93f00000)]
  0x000001901a90f000 JavaThread "Signal Dispatcher" daemon [_thread_blocked, id=5256, stack(0x0000003b93f00000,0x0000003b94000000)]
  0x000001901a911000 JavaThread "Attach Listener" daemon [_thread_blocked, id=788, stack(0x0000003b94000000,0x0000003b94100000)]
  0x000001901a912000 JavaThread "Service Thread" daemon [_thread_blocked, id=3344, stack(0x0000003b94100000,0x0000003b94200000)]
  0x000001901a915800 JavaThread "C2 CompilerThread0" daemon [_thread_in_vm, id=1464, stack(0x0000003b94200000,0x0000003b94300000)]
=>0x000001901aa86800 JavaThread "C1 CompilerThread0" daemon [_thread_in_native, id=4156, stack(0x0000003b94300000,0x0000003b94400000)]
  0x000001901aa89000 JavaThread "Sweeper thread" daemon [_thread_blocked, id=6372, stack(0x0000003b94400000,0x0000003b94500000)]
  0x000001901ab92800 JavaThread "Common-Cleaner" daemon [_thread_blocked, id=6620, stack(0x0000003b94600000,0x0000003b94700000)]

Other Threads:
  0x000001901a888000 VMThread "VM Thread" [stack: 0x0000003b93c00000,0x0000003b93d00000] [id=908]
  0x000001901ab89800 WatcherThread [stack: 0x0000003b94500000,0x0000003b94600000] [id=5288]
  0x000001907fd1e800 GCTaskThread "GC Thread#0" [stack: 0x0000003b93700000,0x0000003b93800000] [id=2628]
  0x000001907fd25800 ConcurrentGCThread "G1 Main Marker" [stack: 0x0000003b93800000,0x0000003b93900000] [id=4892]
  0x000001907fd26800 ConcurrentGCThread "G1 Conc#0" [stack: 0x0000003b93900000,0x0000003b93a00000] [id=3676]
  0x000001907fd74800 ConcurrentGCThread "G1 Refine#0" [stack: 0x0000003b93a00000,0x0000003b93b00000] [id=4100]
  0x000001907fd75800 ConcurrentGCThread "G1 Young RemSet Sampling" [stack: 0x0000003b93b00000,0x0000003b93c00000] [id=5088]

Threads with active compile tasks:
C2 CompilerThread0      841  391       4       java.lang.String::checkBoundsOffCount (61 bytes)
C1 CompilerThread0      841  389       3       java.util.regex.Pattern::escape (1323 bytes)

VM state:synchronizing (normal execution)

VM Mutex/Monitor currently owned by a thread:  ([mutex/lock_event])
[0x000001907fd03860] Threads_lock - owner thread: 0x000001901a888000
[0x000001907fd03740] Heap_lock - owner thread: 0x000001907fd06000

Heap address: 0x00000000fc000000, size: 64 MB, Compressed Oops mode: 32-bit
Narrow klass base: 0x0000000000000000, Narrow klass shift: 3
Compressed class space size: 1073741824 Address: 0x0000000100000000

Heap:
 garbage-first heap   total 65536K, used 6144K [0x00000000fc000000, 0x0000000100000000)
  region size 1024K, 7 young (7168K), 0 survivors (0K)
 Metaspace       used 7202K, capacity 7353K, committed 7680K, reserved 1056768K
  class space    used 626K, capacity 682K, committed 768K, reserved 1048576K
Heap Regions: E=young(eden), S=young(survivor), O=old, HS=humongous(starts), HC=humongous(continues), CS=collection set, F=free, A=archive, TAMS=top-at-mark-start (previous, next)
|   0|0x00000000fc000000, 0x00000000fc000000, 0x00000000fc100000|  0%| F|  |TAMS 0x00000000fc000000, 0x00000000fc000000| Untracked 
|   1|0x00000000fc100000, 0x00000000fc100000, 0x00000000fc200000|  0%| F|  |TAMS 0x00000000fc100000, 0x00000000fc100000| Untracked 
|   2|0x00000000fc200000, 0x00000000fc200000, 0x00000000fc300000|  0%| F|  |TAMS 0x00000000fc200000, 0x00000000fc200000| Untracked 
|   3|0x00000000fc300000, 0x00000000fc300000, 0x00000000fc400000|  0%| F|  |TAMS 0x00000000fc300000, 0x00000000fc300000| Untracked 
|   4|0x00000000fc400000, 0x00000000fc400000, 0x00000000fc500000|  0%| F|  |TAMS 0x00000000fc400000, 0x00000000fc400000| Untracked 
|   5|0x00000000fc500000, 0x00000000fc500000, 0x00000000fc600000|  0%| F|  |TAMS 0x00000000fc500000, 0x00000000fc500000| Untracked 
|   6|0x00000000fc600000, 0x00000000fc600000, 0x00000000fc700000|  0%| F|  |TAMS 0x00000000fc600000, 0x00000000fc600000| Untracked 
|   7|0x00000000fc700000, 0x00000000fc700000, 0x00000000fc800000|  0%| F|  |TAMS 0x00000000fc700000, 0x00000000fc700000| Untracked 
|   8|0x00000000fc800000, 0x00000000fc800000, 0x00000000fc900000|  0%| F|  |TAMS 0x00000000fc800000, 0x00000000fc800000| Untracked 
|   9|0x00000000fc900000, 0x00000000fc900000, 0x00000000fca00000|  0%| F|  |TAMS 0x00000000fc900000, 0x00000000fc900000| Untracked 
|  10|0x00000000fca00000, 0x00000000fca00000, 0x00000000fcb00000|  0%| F|  |TAMS 0x00000000fca00000, 0x00000000fca00000| Untracked 
|  11|0x00000000fcb00000, 0x00000000fcb00000, 0x00000000fcc00000|  0%| F|  |TAMS 0x00000000fcb00000, 0x00000000fcb00000| Untracked 
|  12|0x00000000fcc00000, 0x00000000fcc00000, 0x00000000fcd00000|  0%| F|  |TAMS 0x00000000fcc00000, 0x00000000fcc00000| Untracked 
|  13|0x00000000fcd00000, 0x00000000fcd00000, 0x00000000fce00000|  0%| F|  |TAMS 0x00000000fcd00000, 0x00000000fcd00000| Untracked 
|  14|0x00000000fce00000, 0x00000000fce00000, 0x00000000fcf00000|  0%| F|  |TAMS 0x00000000fce00000, 0x00000000fce00000| Untracked 
|  15|0x00000000fcf00000, 0x00000000fcf00000, 0x00000000fd000000|  0%| F|  |TAMS 0x00000000fcf00000, 0x00000000fcf00000| Untracked 
|  16|0x00000000fd000000, 0x00000000fd000000, 0x00000000fd100000|  0%| F|  |TAMS 0x00000000fd000000, 0x00000000fd000000| Untracked 
|  17|0x00000000fd100000, 0x00000000fd100000, 0x00000000fd200000|  0%| F|  |TAMS 0x00000000fd100000, 0x00000000fd100000| Untracked 
|  18|0x00000000fd200000, 0x00000000fd200000, 0x00000000fd300000|  0%| F|  |TAMS 0x00000000fd200000, 0x00000000fd200000| Untracked 
|  19|0x00000000fd300000, 0x00000000fd300000, 0x00000000fd400000|  0%| F|  |TAMS 0x00000000fd300000, 0x00000000fd300000| Untracked 
|  20|0x00000000fd400000, 0x00000000fd400000, 0x00000000fd500000|  0%| F|  |TAMS 0x00000000fd400000, 0x00000000fd400000| Untracked 
|  21|0x00000000fd500000, 0x00000000fd500000, 0x00000000fd600000|  0%| F|  |TAMS 0x00000000fd500000, 0x00000000fd500000| Untracked 
|  22|0x00000000fd600000, 0x00000000fd600000, 0x00000000fd700000|  0%| F|  |TAMS 0x00000000fd600000, 0x00000000fd600000| Untracked 
|  23|0x00000000fd700000, 0x00000000fd700000, 0x00000000fd800000|  0%| F|  |TAMS 0x00000000fd700000, 0x00000000fd700000| Untracked 
|  24|0x00000000fd800000, 0x00000000fd800000, 0x00000000fd900000|  0%| F|  |TAMS 0x00000000fd800000, 0x00000000fd800000| Untracked 
|  25|0x00000000fd900000, 0x00000000fd900000, 0x00000000fda00000|  0%| F|  |TAMS 0x00000000fd900000, 0x00000000fd900000| Untracked 
|  26|0x00000000fda00000, 0x00000000fda00000, 0x00000000fdb00000|  0%| F|  |TAMS 0x00000000fda00000, 0x00000000fda00000| Untracked 
|  27|0x00000000fdb00000, 0x00000000fdb00000, 0x00000000fdc00000|  0%| F|  |TAMS 0x00000000fdb00000, 0x00000000fdb00000| Untracked 
|  28|0x00000000fdc00000, 0x00000000fdc00000, 0x00000000fdd00000|  0%| F|  |TAMS 0x00000000fdc00000, 0x00000000fdc00000| Untracked 
|  29|0x00000000fdd00000, 0x00000000fdd00000, 0x00000000fde00000|  0%| F|  |TAMS 0x00000000fdd00000, 0x00000000fdd00000| Untracked 
|  30|0x00000000fde00000, 0x00000000fde00000, 0x00000000fdf00000|  0%| F|  |TAMS 0x00000000fde00000, 0x00000000fde00000| Untracked 
|  31|0x00000000fdf00000, 0x00000000fdf00000, 0x00000000fe000000|  0%| F|  |TAMS 0x00000000fdf00000, 0x00000000fdf00000| Untracked 
|  32|0x00000000fe000000, 0x00000000fe000000, 0x00000000fe100000|  0%| F|  |TAMS 0x00000000fe000000, 0x00000000fe000000| Untracked 
|  33|0x00000000fe100000, 0x00000000fe100000, 0x00000000fe200000|  0%| F|  |TAMS 0x00000000fe100000, 0x00000000fe100000| Untracked 
|  34|0x00000000fe200000, 0x00000000fe200000, 0x00000000fe300000|  0%| F|  |TAMS 0x00000000fe200000, 0x00000000fe200000| Untracked 
|  35|0x00000000fe300000, 0x00000000fe300000, 0x00000000fe400000|  0%| F|  |TAMS 0x00000000fe300000, 0x00000000fe300000| Untracked 
|  36|0x00000000fe400000, 0x00000000fe400000, 0x00000000fe500000|  0%| F|  |TAMS 0x00000000fe400000, 0x00000000fe400000| Untracked 
|  37|0x00000000fe500000, 0x00000000fe500000, 0x00000000fe600000|  0%| F|  |TAMS 0x00000000fe500000, 0x00000000fe500000| Untracked 
|  38|0x00000000fe600000, 0x00000000fe600000, 0x00000000fe700000|  0%| F|  |TAMS 0x00000000fe600000, 0x00000000fe600000| Untracked 
|  39|0x00000000fe700000, 0x00000000fe700000, 0x00000000fe800000|  0%| F|  |TAMS 0x00000000fe700000, 0x00000000fe700000| Untracked 
|  40|0x00000000fe800000, 0x00000000fe800000, 0x00000000fe900000|  0%| F|  |TAMS 0x00000000fe800000, 0x00000000fe800000| Untracked 
|  41|0x00000000fe900000, 0x00000000fe900000, 0x00000000fea00000|  0%| F|  |TAMS 0x00000000fe900000, 0x00000000fe900000| Untracked 
|  42|0x00000000fea00000, 0x00000000fea00000, 0x00000000feb00000|  0%| F|  |TAMS 0x00000000fea00000, 0x00000000fea00000| Untracked 
|  43|0x00000000feb00000, 0x00000000feb00000, 0x00000000fec00000|  0%| F|  |TAMS 0x00000000feb00000, 0x00000000feb00000| Untracked 
|  44|0x00000000fec00000, 0x00000000fec00000, 0x00000000fed00000|  0%| F|  |TAMS 0x00000000fec00000, 0x00000000fec00000| Untracked 
|  45|0x00000000fed00000, 0x00000000fed00000, 0x00000000fee00000|  0%| F|  |TAMS 0x00000000fed00000, 0x00000000fed00000| Untracked 
|  46|0x00000000fee00000, 0x00000000fee00000, 0x00000000fef00000|  0%| F|  |TAMS 0x00000000fee00000, 0x00000000fee00000| Untracked 
|  47|0x00000000fef00000, 0x00000000fef00000, 0x00000000ff000000|  0%| F|  |TAMS 0x00000000fef00000, 0x00000000fef00000| Untracked 
|  48|0x00000000ff000000, 0x00000000ff000000, 0x00000000ff100000|  0%| F|  |TAMS 0x00000000ff000000, 0x00000000ff000000| Untracked 
|  49|0x00000000ff100000, 0x00000000ff100000, 0x00000000ff200000|  0%| F|  |TAMS 0x00000000ff100000, 0x00000000ff100000| Untracked 
|  50|0x00000000ff200000, 0x00000000ff200000, 0x00000000ff300000|  0%| F|  |TAMS 0x00000000ff200000, 0x00000000ff200000| Untracked 
|  51|0x00000000ff300000, 0x00000000ff300000, 0x00000000ff400000|  0%| F|  |TAMS 0x00000000ff300000, 0x00000000ff300000| Untracked 
|  52|0x00000000ff400000, 0x00000000ff400000, 0x00000000ff500000|  0%| F|  |TAMS 0x00000000ff400000, 0x00000000ff400000| Untracked 
|  53|0x00000000ff500000, 0x00000000ff500000, 0x00000000ff600000|  0%| F|  |TAMS 0x00000000ff500000, 0x00000000ff500000| Untracked 
|  54|0x00000000ff600000, 0x00000000ff600000, 0x00000000ff700000|  0%| F|  |TAMS 0x00000000ff600000, 0x00000000ff600000| Untracked 
|  55|0x00000000ff700000, 0x00000000ff700000, 0x00000000ff800000|  0%| F|  |TAMS 0x00000000ff700000, 0x00000000ff700000| Untracked 
|  56|0x00000000ff800000, 0x00000000ff800000, 0x00000000ff900000|  0%| F|  |TAMS 0x00000000ff800000, 0x00000000ff800000| Untracked 
|  57|0x00000000ff900000, 0x00000000ffa00000, 0x00000000ffa00000|100%| E|CS|TAMS 0x00000000ff900000, 0x00000000ff900000| Complete 
|  58|0x00000000ffa00000, 0x00000000ffb00000, 0x00000000ffb00000|100%| E|CS|TAMS 0x00000000ffa00000, 0x00000000ffa00000| Complete 
|  59|0x00000000ffb00000, 0x00000000ffc00000, 0x00000000ffc00000|100%| E|CS|TAMS 0x00000000ffb00000, 0x00000000ffb00000| Complete 
|  60|0x00000000ffc00000, 0x00000000ffd00000, 0x00000000ffd00000|100%| E|CS|TAMS 0x00000000ffc00000, 0x00000000ffc00000| Complete 
|  61|0x00000000ffd00000, 0x00000000ffe00000, 0x00000000ffe00000|100%| E|  |TAMS 0x00000000ffd00000, 0x00000000ffd00000| Complete 
|  62|0x00000000ffe00000, 0x00000000fff00000, 0x00000000fff00000|100%| E|CS|TAMS 0x00000000ffe00000, 0x00000000ffe00000| Complete 
|  63|0x00000000fff00000, 0x0000000100000000, 0x0000000100000000|100%| E|CS|TAMS 0x00000000fff00000, 0x00000000fff00000| Complete 

Card table byte_map: [0x0000019017af0000,0x0000019017b10000] _byte_map_base: 0x0000019017310000

Marking Bits (Prev, Next): (CMBitMap*) 0x000001907fd244c8, (CMBitMap*) 0x000001907fd24500
 Prev Bits: [0x0000019017b30000, 0x0000019017c30000)
 Next Bits: [0x0000019017c30000, 0x0000019017d30000)

Polling page: 0x0000019000000000

Metaspace:

Usage:
  Non-class:      6.51 MB capacity,     6.42 MB ( 99%) used,    89.69 KB (  1%) free+waste,     5.19 KB ( <1%) overhead. 
      Class:    682.00 KB capacity,   626.22 KB ( 92%) used,    53.34 KB (  8%) free+waste,     2.44 KB ( <1%) overhead. 
       Both:      7.18 MB capacity,     7.03 MB ( 98%) used,   143.03 KB (  2%) free+waste,     7.63 KB ( <1%) overhead. 

Virtual space:
  Non-class space:        8.00 MB reserved,       6.75 MB ( 84%) committed 
      Class space:        1.00 GB reserved,     768.00 KB ( <1%) committed 
             Both:        1.01 GB reserved,       7.50 MB ( <1%) committed 

Chunk freelists:
   Non-Class:  49.00 KB
       Class:  0 bytes
        Both:  49.00 KB

MaxMetaspaceSize: 17179869184.00 GB
CompressedClassSpaceSize: 1.00 GB
Initial GC threshold: 20.80 MB
Current GC threshold: 20.80 MB
CDS: off

CodeHeap 'non-profiled nmethods': size=120064Kb used=111Kb max_used=111Kb free=119952Kb
 bounds [0x0000019010180000, 0x00000190103f0000, 0x00000190176c0000]
CodeHeap 'profiled nmethods': size=120000Kb used=550Kb max_used=550Kb free=119449Kb
 bounds [0x0000019008c50000, 0x0000019008ec0000, 0x0000019010180000]
CodeHeap 'non-nmethods': size=5696Kb used=1106Kb max_used=1118Kb free=4590Kb
 bounds [0x00000190086c0000, 0x0000019008930000, 0x0000019008c50000]
 total_blobs=738 nmethods=386 adapters=266
 compilation: enabled
              stopped_count=0, restarted_count=0
 full_count=0

Compilation events (20 events):
Event: 0.721 Thread 0x000001901a915800  380       4       java.lang.StringLatin1::inflate (34 bytes)
Event: 0.722 Thread 0x000001901aa86800 nmethod 376 0x0000019008cd3610 code [0x0000019008cd3920, 0x0000019008cd4b18]
Event: 0.722 Thread 0x000001901aa86800  377       3       java.util.ArrayList::add (25 bytes)
Event: 0.722 Thread 0x000001901aa86800 nmethod 377 0x0000019008cd5090 code [0x0000019008cd52a0, 0x0000019008cd5858]
Event: 0.722 Thread 0x000001901aa86800  378       3       java.util.ArrayList::add (23 bytes)
Event: 0.723 Thread 0x000001901aa86800 nmethod 378 0x0000019008cd5a90 code [0x0000019008cd5ca0, 0x0000019008cd61d8]
Event: 0.723 Thread 0x000001901aa86800  379       1       java.util.LinkedHashMap::removeEldestEntry (2 bytes)
Event: 0.723 Thread 0x000001901aa86800 nmethod 379 0x000001901019b090 code [0x000001901019b240, 0x000001901019b2f8]
Event: 0.723 Thread 0x000001901aa86800  381       3       java.io.WinNTFileSystem::normalize (143 bytes)
Event: 0.725 Thread 0x000001901aa86800 nmethod 381 0x0000019008cd6410 code [0x0000019008cd66a0, 0x0000019008cd71f8]
Event: 0.728 Thread 0x000001901a915800 nmethod 380 0x000001901019b390 code [0x000001901019b520, 0x000001901019b7f8]
Event: 0.730 Thread 0x000001901aa86800  382       3       java.lang.String::substring (68 bytes)
Event: 0.731 Thread 0x000001901aa86800 nmethod 382 0x0000019008cd7690 code [0x0000019008cd78e0, 0x0000019008cd8018]
Event: 0.731 Thread 0x000001901aa86800  383       3       sun.nio.fs.WindowsPathParser::nextNonSlash (24 bytes)
Event: 0.732 Thread 0x000001901aa86800 nmethod 383 0x0000019008cd8290 code [0x0000019008cd84c0, 0x0000019008cd8c18]
Event: 0.740 Thread 0x000001901aa86800  384       3       java.io.RandomAccessFile::seek (22 bytes)
Event: 0.740 Thread 0x000001901aa86800 nmethod 384 0x0000019008cd8f10 code [0x0000019008cd90e0, 0x0000019008cd9318]
Event: 0.743 Thread 0x000001901aa86800  386       3       java.util.zip.ZipCoder$UTF8::getBytes (10 bytes)
Event: 0.744 Thread 0x000001901aa86800 nmethod 386 0x0000019008cd9410 code [0x0000019008cd95e0, 0x0000019008cd98a8]
Event: 0.744 Thread 0x000001901aa86800  389       3       java.util.regex.Pattern::escape (1323 bytes)

GC Heap History (0 events):
No events

Deoptimization events (20 events):
Event: 0.506 Thread 0x000001907fd06000 DEOPT PACKING pc=0x0000019008ca163b sp=0x0000003b935f6560
Event: 0.506 Thread 0x000001907fd06000 DEOPT UNPACKING pc=0x000001900870a95e sp=0x0000003b935f5a30 mode 0
Event: 0.506 Thread 0x000001907fd06000 DEOPT PACKING pc=0x0000019008ca163b sp=0x0000003b935f6560
Event: 0.506 Thread 0x000001907fd06000 DEOPT UNPACKING pc=0x000001900870a95e sp=0x0000003b935f5a30 mode 0
Event: 0.506 Thread 0x000001907fd06000 DEOPT PACKING pc=0x0000019008ca163b sp=0x0000003b935f6560
Event: 0.506 Thread 0x000001907fd06000 DEOPT UNPACKING pc=0x000001900870a95e sp=0x0000003b935f5a30 mode 0
Event: 0.506 Thread 0x000001907fd06000 DEOPT PACKING pc=0x0000019008ca163b sp=0x0000003b935f6560
Event: 0.506 Thread 0x000001907fd06000 DEOPT UNPACKING pc=0x000001900870a95e sp=0x0000003b935f5a30 mode 0
Event: 0.506 Thread 0x000001907fd06000 DEOPT PACKING pc=0x0000019008ca163b sp=0x0000003b935f6560
Event: 0.506 Thread 0x000001907fd06000 DEOPT UNPACKING pc=0x000001900870a95e sp=0x0000003b935f5a30 mode 0
Event: 0.506 Thread 0x000001907fd06000 DEOPT PACKING pc=0x0000019008ca163b sp=0x0000003b935f6560
Event: 0.506 Thread 0x000001907fd06000 DEOPT UNPACKING pc=0x000001900870a95e sp=0x0000003b935f5a30 mode 0
Event: 0.684 Thread 0x000001907fd06000 DEOPT PACKING pc=0x0000019008cb36c3 sp=0x0000003b935fd5e0
Event: 0.684 Thread 0x000001907fd06000 DEOPT UNPACKING pc=0x000001900870a95e sp=0x0000003b935fca20 mode 0
Event: 0.685 Thread 0x000001907fd06000 DEOPT PACKING pc=0x0000019008cb2464 sp=0x0000003b935fd590
Event: 0.685 Thread 0x000001907fd06000 DEOPT UNPACKING pc=0x000001900870a95e sp=0x0000003b935fca20 mode 0
Event: 0.708 Thread 0x000001907fd06000 DEOPT PACKING pc=0x0000019008cb1913 sp=0x0000003b935fd260
Event: 0.708 Thread 0x000001907fd06000 DEOPT UNPACKING pc=0x000001900870a95e sp=0x0000003b935fc738 mode 0
Event: 0.708 Thread 0x000001907fd06000 DEOPT PACKING pc=0x0000019008cb1913 sp=0x0000003b935fd260
Event: 0.708 Thread 0x000001907fd06000 DEOPT UNPACKING pc=0x000001900870a95e sp=0x0000003b935fc738 mode 0

Classes redefined (0 events):
No events

Internal exceptions (3 events):
Event: 0.555 Thread 0x000001907fd06000 Exception <a 'java/lang/NoSuchMethodError'{0x00000000ffc44200}: 'int java.lang.invoke.DirectMethodHandle$Holder.invokeStaticInit(java.lang.Object, java.lang.Object)'> (0x00000000ffc44200) thrown at [./src/hotspot/share/interpreter/linkResolver.cpp, line 773]
Event: 0.678 Thread 0x000001907fd06000 Exception <a 'java/lang/NoSuchMethodError'{0x00000000ffb52bc8}: 'int java.lang.invoke.DirectMethodHandle$Holder.invokeSpecial(java.lang.Object, java.lang.Object, java.lang.Object, java.lang.Object)'> (0x00000000ffb52bc8) thrown at [./src/hotspot/share/interpreter/linkResolver.cpp, line 773]
Event: 0.693 Thread 0x000001907fd06000 Exception <a 'java/lang/NoSuchMethodError'{0x00000000ffb94f10}: 'int java.lang.invoke.DirectMethodHandle$Holder.invokeSpecialIFC(java.lang.Object, java.lang.Object, int)'> (0x00000000ffb94f10) thrown at [./src/hotspot/share/interpreter/linkResolver.cpp, line 773]

Events (20 events):
Event: 0.671 loading class org/gradle/api/internal/classpath/DefaultModuleRegistry$DefaultModule
Event: 0.671 loading class org/gradle/api/internal/classpath/DefaultModuleRegistry$DefaultModule done
Event: 0.672 loading class java/util/Collections$SingletonSet
Event: 0.673 loading class java/util/Collections$SingletonSet done
Event: 0.673 loading class java/util/Collections$1
Event: 0.673 loading class java/util/Collections$1 done
Event: 0.679 loading class org/gradle/api/internal/classpath/DefaultModuleRegistry
Event: 0.679 loading class org/gradle/api/internal/classpath/DefaultModuleRegistry done
Event: 0.686 loading class java/lang/invoke/DirectMethodHandle$Constructor
Event: 0.686 loading class java/lang/invoke/DirectMethodHandle$Constructor done
Event: 0.688 loading class org/gradle/util/internal/GUtil
Event: 0.688 loading class org/gradle/util/internal/GUtil done
Event: 0.689 loading class org/gradle/internal/InternalTransformer
Event: 0.689 loading class org/gradle/internal/InternalTransformer done
Event: 0.696 loading class java/util/regex/Pattern$StartS
Event: 0.696 loading class java/util/regex/Pattern$StartS done
Event: 0.698 loading class org/gradle/internal/IoActions
Event: 0.698 loading class org/gradle/internal/IoActions done
Event: 0.699 loading class org/gradle/api/Action
Event: 0.699 loading class org/gradle/api/Action done


Dynamic libraries:
0x00007ff78ccc0000 - 0x00007ff78cccd000 	C:\Program Files\Eclipse Adoptium\jdk-11.0.18.10-hotspot\bin\java.exe
0x00007ffde6ae0000 - 0x00007ffde6caf000 	C:\Windows\SYSTEM32\ntdll.dll
0x00007ffde48a0000 - 0x00007ffde494d000 	C:\Windows\System32\KERNEL32.DLL
0x00007ffde3580000 - 0x00007ffde379e000 	C:\Windows\System32\KERNELBASE.dll
0x00007ffde3060000 - 0x00007ffde3154000 	C:\Windows\System32\ucrtbase.dll
0x00007ffdd1f80000 - 0x00007ffdd1f97000 	C:\Program Files\Eclipse Adoptium\jdk-11.0.18.10-hotspot\bin\jli.dll
0x00007ffde4680000 - 0x00007ffde47e6000 	C:\Windows\System32\USER32.dll
0x00007ffde37a0000 - 0x00007ffde37be000 	C:\Windows\System32\win32u.dll
0x00007ffde6990000 - 0x00007ffde69c4000 	C:\Windows\System32\GDI32.dll
0x00007ffde37c0000 - 0x00007ffde3944000 	C:\Windows\System32\gdi32full.dll
0x00007ffdce910000 - 0x00007ffdce929000 	C:\Program Files\Eclipse Adoptium\jdk-11.0.18.10-hotspot\bin\VCRUNTIME140.dll
0x00007ffddb220000 - 0x00007ffddb49a000 	C:\Windows\WinSxS\amd64_microsoft.windows.common-controls_6595b64144ccf1df_6.0.14393.4169_none_7de0bbf28341b1f2\COMCTL32.dll
0x00007ffde4950000 - 0x00007ffde49ee000 	C:\Windows\System32\msvcrt.dll
0x00007ffde49f0000 - 0x00007ffde4cb6000 	C:\Windows\System32\combase.dll
0x00007ffde4550000 - 0x00007ffde466e000 	C:\Windows\System32\RPCRT4.dll
0x00007ffde3200000 - 0x00007ffde326c000 	C:\Windows\System32\bcryptPrimitives.dll
0x00007ffde4090000 - 0x00007ffde40be000 	C:\Windows\System32\IMM32.DLL
0x00007ffdd4d40000 - 0x00007ffdd4d4c000 	C:\Program Files\Eclipse Adoptium\jdk-11.0.18.10-hotspot\bin\vcruntime140_1.dll
0x00007ffdc6ff0000 - 0x00007ffdc7081000 	C:\Program Files\Eclipse Adoptium\jdk-11.0.18.10-hotspot\bin\msvcp140.dll
0x00007ffdb3470000 - 0x00007ffdb402a000 	C:\Program Files\Eclipse Adoptium\jdk-11.0.18.10-hotspot\bin\server\jvm.dll
0x00007ffde47f0000 - 0x00007ffde4896000 	C:\Windows\System32\ADVAPI32.dll
0x00007ffde6930000 - 0x00007ffde698b000 	C:\Windows\System32\sechost.dll
0x00007ffde4670000 - 0x00007ffde4678000 	C:\Windows\System32\PSAPI.DLL
0x00007ffde0ef0000 - 0x00007ffde0ef9000 	C:\Windows\SYSTEM32\WSOCK32.dll
0x00007ffde4420000 - 0x00007ffde448a000 	C:\Windows\System32\WS2_32.dll
0x00007ffde1440000 - 0x00007ffde1463000 	C:\Windows\SYSTEM32\WINMM.dll
0x00007ffddfdd0000 - 0x00007ffddfdda000 	C:\Windows\SYSTEM32\VERSION.dll
0x00007ffde1410000 - 0x00007ffde143b000 	C:\Windows\SYSTEM32\WINMMBASE.dll
0x00007ffde3950000 - 0x00007ffde3992000 	C:\Windows\System32\cfgmgr32.dll
0x00007ffde2fa0000 - 0x00007ffde2faf000 	C:\Windows\System32\kernel.appcore.dll
0x00007ffdd4c10000 - 0x00007ffdd4c20000 	C:\Program Files\Eclipse Adoptium\jdk-11.0.18.10-hotspot\bin\verify.dll
0x00007ffdc6700000 - 0x00007ffdc6892000 	C:\Windows\SYSTEM32\DBGHELP.DLL
0x00007ffdcf680000 - 0x00007ffdcf6a9000 	C:\Windows\SYSTEM32\dbgcore.DLL
0x00007ffdce300000 - 0x00007ffdce328000 	C:\Program Files\Eclipse Adoptium\jdk-11.0.18.10-hotspot\bin\java.dll
0x00007ffdd49b0000 - 0x00007ffdd49ba000 	C:\Program Files\Eclipse Adoptium\jdk-11.0.18.10-hotspot\bin\jimage.dll
0x00007ffdcdbf0000 - 0x00007ffdcdc08000 	C:\Program Files\Eclipse Adoptium\jdk-11.0.18.10-hotspot\bin\zip.dll
0x00007ffde5400000 - 0x00007ffde6906000 	C:\Windows\System32\SHELL32.dll
0x00007ffde39a0000 - 0x00007ffde4073000 	C:\Windows\System32\windows.storage.dll
0x00007ffde2f20000 - 0x00007ffde2f6c000 	C:\Windows\System32\powrprof.dll
0x00007ffde4e70000 - 0x00007ffde4ec2000 	C:\Windows\System32\shlwapi.dll
0x00007ffde34d0000 - 0x00007ffde3578000 	C:\Windows\System32\shcore.dll
0x00007ffde2f80000 - 0x00007ffde2f94000 	C:\Windows\System32\profapi.dll
0x00007ffdccc80000 - 0x00007ffdccc99000 	C:\Program Files\Eclipse Adoptium\jdk-11.0.18.10-hotspot\bin\net.dll
0x00007ffdd7630000 - 0x00007ffdd76fd000 	C:\Windows\SYSTEM32\WINHTTP.dll
0x00007ffde2840000 - 0x00007ffde289d000 	C:\Windows\system32\mswsock.dll
0x00007ffdccbb0000 - 0x00007ffdccbc3000 	C:\Program Files\Eclipse Adoptium\jdk-11.0.18.10-hotspot\bin\nio.dll

dbghelp: loaded successfully - version: 4.0.5 - missing functions: none
symbol engine: initialized successfully - sym options: 0x614 - pdb path: .;C:\Program Files\Eclipse Adoptium\jdk-11.0.18.10-hotspot\bin;C:\Windows\SYSTEM32;C:\Windows\WinSxS\amd64_microsoft.windows.common-controls_6595b64144ccf1df_6.0.14393.4169_none_7de0bbf28341b1f2;C:\Program Files\Eclipse Adoptium\jdk-11.0.18.10-hotspot\bin\server

VM Arguments:
jvm_args: -Xmx64m -Xms64m -Dorg.gradle.appname=gradlew 
java_command: org.gradle.wrapper.GradleWrapperMain test
java_class_path (initial): C:\Users\Олег\Javaqa\atdz1.1\\gradle\wrapper\gradle-wrapper.jar
Launcher Type: SUN_STANDARD

[Global flags]
     intx CICompilerCount                          = 2                                         {product} {ergonomic}
     uint ConcGCThreads                            = 1                                         {product} {ergonomic}
     uint G1ConcRefinementThreads                  = 2                                         {product} {ergonomic}
   size_t G1HeapRegionSize                         = 1048576                                   {product} {ergonomic}
    uintx GCDrainStackTargetSize                   = 64                                        {product} {ergonomic}
   size_t InitialHeapSize                          = 67108864                                  {product} {command line}
   size_t MarkStackSize                            = 4194304                                   {product} {ergonomic}
   size_t MaxHeapSize                              = 67108864                                  {product} {command line}
   size_t MaxNewSize                               = 39845888                                  {product} {ergonomic}
   size_t MinHeapDeltaBytes                        = 1048576                                   {product} {ergonomic}
    uintx NonNMethodCodeHeapSize                   = 5825164                                {pd product} {ergonomic}
    uintx NonProfiledCodeHeapSize                  = 122916538                              {pd product} {ergonomic}
    uintx ProfiledCodeHeapSize                     = 122916538                              {pd product} {ergonomic}
    uintx ReservedCodeCacheSize                    = 251658240                              {pd product} {ergonomic}
     bool SegmentedCodeCache                       = true                                      {product} {ergonomic}
     bool UseCompressedClassPointers               = true                                 {lp64_product} {ergonomic}
     bool UseCompressedOops                        = true                                 {lp64_product} {ergonomic}
     bool UseG1GC                                  = true                                      {product} {ergonomic}
     bool UseLargePagesIndividualAllocation        = false                                  {pd product} {ergonomic}

Logging:
Log output configuration:
 #0: stdout all=warning uptime,level,tags
 #1: stderr all=off uptime,level,tags

Environment Variables:
CLASSPATH=C:\Users\Олег\Javaqa\atdz1.1\\gradle\wrapper\gradle-wrapper.jar
PATH=C:\Program Files\Eclipse Adoptium\jdk-11.0.18.10-hotspot\bin;C:\Windows\system32;C:\Windows;C:\Windows\System32\Wbem;C:\Windows\System32\WindowsPowerShell\v1.0\;C:\Program Files\Git\cmd;C:\Users\Олег\AppData\Local\Microsoft\WindowsApps;;C:\Users\Олег\AppData\Local\Programs\Microsoft VS Code\bin;C:\Program Files\JetBrains\IntelliJ IDEA Community Edition 2023.1.2\bin;
USERNAME=Олег
OS=Windows_NT
PROCESSOR_IDENTIFIER=AMD64 Family 21 Model 48 Stepping 1, AuthenticAMD
TMP=C:\Users\08A4~1\AppData\Local\Temp
TEMP=C:\Users\08A4~1\AppData\Local\Temp



---------------  S Y S T E M  ---------------

OS: Windows 10 , 64 bit Build 14393 (10.0.14393.5786)
OS uptime: 11 days 6:32 hours

CPU:total 2 (initial active 2) (2 cores per cpu, 1 threads per core) family 21 model 48 stepping 1 microcode 0x6003106, cmov, cx8, fxsr, mmx, sse, sse2, sse3, ssse3, sse4.1, sse4.2, popcnt, avx, aes, clmul, mmxext, 3dnowpref, lzcnt, sse4a, tsc, tscinvbit, tscinv, bmi1, fma

Memory: 4k page, system-wide physical 3537M (1823M free)
TotalPageFile size 7633M (AvailPageFile size 0M)
current process WorkingSet (physical memory assigned to process): 41M, peak: 41M
current process commit charge ("private bytes"): 129M, peak: 129M

vm_info: OpenJDK 64-Bit Server VM (11.0.18+10) for windows-amd64 JRE (11.0.18+10), built on Jan 18 2023 04:27:27 by "" with MS VC++ 16.7 (VS2019)

END.
